SF:lib/src/markdown_to_delta.dart
DA:36,2
DA:37,2
DA:38,2
DA:39,2
DA:40,2
DA:41,2
DA:42,2
DA:46,2
DA:47,2
DA:48,2
DA:49,3
DA:50,2
DA:54,2
DA:55,3
DA:58,1
DA:71,1
DA:73,2
DA:74,2
DA:75,2
DA:76,2
DA:77,1
DA:78,1
DA:79,1
DA:81,1
DA:82,2
DA:84,2
DA:86,2
DA:87,1
DA:91,1
DA:93,1
DA:96,1
DA:97,2
DA:98,3
DA:99,2
DA:100,0
DA:104,1
DA:107,1
DA:108,1
DA:109,1
DA:110,2
DA:111,5
DA:112,0
DA:114,2
DA:117,1
DA:118,1
DA:119,3
DA:120,3
DA:121,1
DA:122,3
DA:124,3
DA:128,3
DA:132,1
DA:134,1
DA:136,1
DA:137,3
DA:139,1
DA:140,3
DA:143,1
DA:144,1
DA:147,1
DA:148,1
DA:154,1
DA:156,1
DA:158,1
DA:159,4
DA:162,1
DA:163,0
DA:166,1
DA:167,3
DA:170,1
DA:171,1
DA:174,1
DA:175,1
DA:178,1
DA:179,2
DA:182,1
DA:183,2
DA:186,1
DA:189,3
DA:191,1
DA:192,2
DA:193,1
DA:195,1
DA:196,1
DA:197,2
DA:198,2
DA:199,1
DA:201,1
DA:202,0
DA:206,1
DA:210,1
DA:211,2
DA:215,1
DA:216,2
DA:217,1
DA:218,2
DA:224,1
DA:228,1
DA:234,1
DA:238,2
DA:239,0
DA:242,1
DA:245,1
DA:248,1
DA:249,3
DA:250,3
DA:253,1
DA:255,1
DA:256,4
DA:259,0
DA:260,0
DA:265,1
DA:266,3
DA:268,1
DA:269,4
DA:271,0
DA:272,0
DA:277,1
DA:278,3
DA:280,1
DA:281,4
DA:283,0
DA:288,0
LF:123
LH:112
end_of_record
