SF:lib/src/delta_to_markdown.dart
DA:14,1
DA:16,1
DA:17,2
DA:19,2
DA:21,1
DA:26,1
DA:44,1
DA:53,2
DA:54,2
DA:60,1
DA:62,4
DA:63,1
DA:67,2
DA:70,1
DA:72,5
DA:73,2
DA:75,2
DA:76,2
DA:83,2
DA:84,2
DA:87,2
DA:88,2
DA:91,0
DA:92,0
DA:95,0
DA:96,0
DA:99,2
DA:100,1
DA:101,4
DA:105,1
DA:107,1
DA:108,2
DA:109,1
DA:114,1
DA:116,0
DA:117,1
DA:118,3
DA:119,2
DA:120,1
DA:126,1
DA:128,0
DA:129,1
DA:130,3
DA:131,2
DA:132,1
DA:135,1
DA:136,0
DA:138,1
DA:142,1
DA:144,0
DA:145,1
DA:146,3
DA:147,2
DA:152,1
DA:154,0
DA:156,2
DA:157,2
DA:159,1
DA:160,2
DA:161,1
DA:164,1
DA:170,1
DA:176,2
DA:177,4
DA:178,6
DA:179,1
DA:180,2
DA:181,2
DA:182,2
DA:188,2
DA:189,2
DA:190,2
DA:202,0
DA:220,1
DA:222,1
DA:223,1
DA:224,4
DA:225,1
DA:232,0
DA:234,0
DA:239,1
DA:241,1
DA:242,2
DA:243,2
DA:244,0
DA:252,2
DA:254,1
DA:255,1
DA:256,6
DA:257,1
DA:261,1
DA:263,1
DA:268,2
DA:270,1
DA:271,1
DA:272,4
DA:273,1
DA:277,1
DA:279,1
DA:284,1
DA:286,1
DA:287,2
DA:288,2
DA:289,0
DA:297,2
DA:299,4
DA:301,1
DA:303,1
DA:308,2
DA:310,4
DA:312,1
DA:314,1
LF:112
LH:98
end_of_record
SF:lib/src/markdown_to_delta.dart
DA:22,2
DA:57,4
DA:58,4
DA:59,2
DA:60,2
DA:61,2
DA:62,2
DA:63,2
DA:67,2
DA:68,2
DA:69,2
DA:70,3
DA:71,2
DA:75,2
DA:76,3
DA:90,2
DA:92,4
DA:93,4
DA:94,4
DA:95,4
DA:96,2
DA:97,2
DA:98,2
DA:99,2
DA:100,2
DA:101,4
DA:103,2
DA:104,4
DA:106,4
DA:108,4
DA:109,2
DA:113,2
DA:115,2
DA:118,2
DA:119,4
DA:120,6
DA:121,4
DA:122,0
DA:126,2
DA:129,2
DA:130,1
DA:131,2
DA:132,2
DA:133,5
DA:134,0
DA:136,4
DA:139,2
DA:140,1
DA:141,1
DA:142,3
DA:144,3
DA:145,3
DA:146,1
DA:147,3
DA:149,3
DA:153,6
DA:155,2
DA:156,2
DA:159,2
DA:161,2
DA:163,2
DA:164,2
DA:165,2
DA:167,2
DA:168,6
DA:170,2
DA:171,3
DA:174,2
DA:175,1
DA:178,2
DA:179,1
DA:182,2
DA:183,4
DA:189,2
DA:191,2
DA:193,2
DA:194,4
DA:197,2
DA:198,2
DA:203,2
DA:205,2
DA:206,1
DA:209,2
DA:210,1
DA:213,2
DA:214,4
DA:217,2
DA:218,4
DA:221,2
DA:222,2
DA:225,4
DA:226,2
DA:228,2
DA:231,2
DA:232,6
DA:235,2
DA:236,2
DA:237,4
DA:238,2
DA:239,1
DA:243,8
DA:244,0
DA:248,12
DA:249,2
DA:254,2
DA:255,4
DA:257,1
DA:258,1
DA:262,2
DA:263,2
DA:264,2
DA:265,4
DA:266,2
DA:267,2
DA:272,6
DA:274,2
DA:275,4
DA:276,2
DA:277,8
DA:280,4
DA:281,4
DA:282,2
DA:284,2
DA:285,8
DA:289,2
DA:293,2
DA:294,4
DA:298,2
DA:299,4
DA:300,1
DA:301,2
DA:307,2
DA:311,2
DA:317,2
DA:321,4
DA:322,2
DA:325,2
DA:328,2
DA:331,2
DA:332,2
DA:333,2
DA:334,2
DA:338,2
DA:339,4
DA:340,6
DA:343,1
DA:345,1
DA:346,3
DA:347,1
DA:350,0
DA:351,0
DA:356,2
DA:357,2
DA:358,2
DA:359,2
DA:363,2
DA:364,6
DA:367,2
DA:369,8
DA:371,0
DA:372,0
DA:377,2
DA:378,2
DA:379,2
DA:380,2
DA:384,2
DA:385,6
DA:387,1
DA:389,4
DA:391,0
LF:170
LH:162
end_of_record
